{
  "RSpec": {
    "coverage": {
      "/Users/devlon/Sites/personal/src/yolo-octo-bebo/atm/app/controllers/account_controller.rb": [
        1,
        null,
        1,
        1,
        null,
        null,
        1,
        0,
        0,
        null,
        null,
        1,
        0,
        0,
        null,
        0,
        0,
        null,
        null,
        1,
        null,
        1,
        1,
        1,
        null,
        null,
        1,
        0,
        0,
        0,
        null,
        null,
        null
      ],
      "/Users/devlon/Sites/personal/src/yolo-octo-bebo/atm/app/controllers/application_controller.rb": [
        1,
        null,
        null,
        1,
        null,
        1,
        0,
        0,
        null,
        null,
        1,
        1,
        null,
        null,
        null
      ],
      "/Users/devlon/Sites/personal/src/yolo-octo-bebo/atm/spec/controllers/login_controller_spec.rb": [
        1,
        null,
        1,
        null,
        1,
        1,
        1,
        1,
        null,
        null,
        null,
        null
      ],
      "/Users/devlon/Sites/personal/src/yolo-octo-bebo/atm/app/controllers/login_controller.rb": [
        null,
        1,
        null,
        1,
        null,
        null,
        1,
        null,
        0,
        0,
        0,
        null,
        0,
        0,
        null,
        null,
        0,
        0,
        null,
        null,
        null,
        null
      ],
      "/Users/devlon/Sites/personal/src/yolo-octo-bebo/atm/spec/models/api_request_response_spec.rb": [
        null,
        1,
        null,
        1,
        null,
        1,
        1,
        3,
        null,
        null,
        1,
        1,
        null,
        null,
        1,
        1,
        null,
        null,
        1,
        1,
        null,
        null,
        null,
        null,
        1,
        1,
        3,
        null,
        null,
        1,
        1,
        null,
        null,
        1,
        1,
        null,
        null,
        1,
        1,
        null,
        null,
        null,
        null
      ],
      "/Users/devlon/Sites/personal/src/yolo-octo-bebo/atm/app/models/api_request_response.rb": [
        null,
        1,
        null,
        1,
        1,
        null,
        1,
        7,
        7,
        7,
        null,
        null,
        1,
        2,
        null,
        null,
        null
      ],
      "/Users/devlon/Sites/personal/src/yolo-octo-bebo/atm/spec/models/credentials_spec.rb": [
        null,
        1,
        null,
        1,
        3,
        null,
        1,
        1,
        null,
        null,
        1,
        1,
        null,
        null,
        null
      ],
      "/Users/devlon/Sites/personal/src/yolo-octo-bebo/atm/app/models/credentials.rb": [
        null,
        1,
        null,
        1,
        null,
        1,
        3,
        3,
        null,
        null,
        null
      ],
      "/Users/devlon/Sites/personal/src/yolo-octo-bebo/atm/spec/views/account/index.html.erb_spec.rb": [
        1,
        null,
        1,
        1,
        null
      ],
      "/Users/devlon/Sites/personal/src/yolo-octo-bebo/atm/spec/views/account/show.html.erb_spec.rb": [
        1,
        null,
        1,
        1,
        null
      ],
      "/Users/devlon/Sites/personal/src/yolo-octo-bebo/atm/spec/views/login/index.html.erb_spec.rb": [
        1,
        null,
        1,
        1,
        null
      ],
      "/Users/devlon/Sites/personal/src/yolo-octo-bebo/atm/app/services/accounts_api_request.rb": [
        null,
        1,
        null,
        null,
        1,
        null,
        1,
        1,
        null,
        null,
        null
      ],
      "/Users/devlon/Sites/personal/src/yolo-octo-bebo/atm/app/services/api_request.rb": [
        null,
        1,
        1,
        null,
        1,
        null,
        1,
        1,
        1,
        1,
        null,
        null,
        1,
        0,
        0,
        0,
        0,
        null,
        null,
        1,
        null,
        1,
        0,
        0,
        0,
        0,
        null,
        null,
        1,
        1,
        1,
        1,
        1,
        null,
        null,
        1,
        1,
        1,
        1,
        0,
        null,
        1,
        null,
        0,
        null,
        0,
        null,
        null,
        null,
        null
      ]
    },
    "timestamp": 1399264307
  }
}
